生成启动时间为 2014/5/31 9:21:25。
     1>项目“D:\MACY\macy\macy.vcxproj”在节点 2 上(Build 个目标)。
     1>ClCompile:
         D:\Program Files\vs2012\VC\bin\CL.exe /c /ZI /nologo /W3 /WX- /Od /Oy- /D WIN32 /D _DEBUG /D _CONSOLE /D _UNICODE /D UNICODE /Gm /EHsc /RTC1 /MDd /GS /fp:precise /Zc:wchar_t /Zc:forScope /Fo"Debug\\" /Fd"Debug\vc110.pdb" /Gd /TP /analyze- /errorReport:prompt macy.cpp
         macy.cpp
     1>d:\macy\macy\macy.cpp(31): warning C4996: 'scanf': This function or variable may be unsafe. Consider using scanf_s instead. To disable deprecation, use _CRT_SECURE_NO_WARNINGS. See online help for details.
                 d:\program files\vs2012\vc\include\stdio.h(290) : 参见“scanf”的声明
     1>d:\macy\macy\macy.cpp(4): warning C4101: “j”: 未引用的局部变量
     1>d:\macy\macy\macy.cpp(68): warning C4996: 'scanf': This function or variable may be unsafe. Consider using scanf_s instead. To disable deprecation, use _CRT_SECURE_NO_WARNINGS. See online help for details.
                 d:\program files\vs2012\vc\include\stdio.h(290) : 参见“scanf”的声明
     1>d:\macy\macy\macy.cpp(89): warning C4996: 'scanf': This function or variable may be unsafe. Consider using scanf_s instead. To disable deprecation, use _CRT_SECURE_NO_WARNINGS. See online help for details.
                 d:\program files\vs2012\vc\include\stdio.h(290) : 参见“scanf”的声明
     1>d:\macy\macy\macy.cpp(93): warning C4996: 'scanf': This function or variable may be unsafe. Consider using scanf_s instead. To disable deprecation, use _CRT_SECURE_NO_WARNINGS. See online help for details.
                 d:\program files\vs2012\vc\include\stdio.h(290) : 参见“scanf”的声明
     1>d:\macy\macy\macy.cpp(97): warning C4996: 'scanf': This function or variable may be unsafe. Consider using scanf_s instead. To disable deprecation, use _CRT_SECURE_NO_WARNINGS. See online help for details.
                 d:\program files\vs2012\vc\include\stdio.h(290) : 参见“scanf”的声明
     1>d:\macy\macy\macy.cpp(101): warning C4996: 'scanf': This function or variable may be unsafe. Consider using scanf_s instead. To disable deprecation, use _CRT_SECURE_NO_WARNINGS. See online help for details.
                 d:\program files\vs2012\vc\include\stdio.h(290) : 参见“scanf”的声明
     1>d:\macy\macy\macy.cpp(103): warning C4996: 'scanf': This function or variable may be unsafe. Consider using scanf_s instead. To disable deprecation, use _CRT_SECURE_NO_WARNINGS. See online help for details.
                 d:\program files\vs2012\vc\include\stdio.h(290) : 参见“scanf”的声明
     1>d:\macy\macy\macy.cpp(115): warning C4996: 'scanf': This function or variable may be unsafe. Consider using scanf_s instead. To disable deprecation, use _CRT_SECURE_NO_WARNINGS. See online help for details.
                 d:\program files\vs2012\vc\include\stdio.h(290) : 参见“scanf”的声明
     1>d:\macy\macy\macy.cpp(136): warning C4996: 'scanf': This function or variable may be unsafe. Consider using scanf_s instead. To disable deprecation, use _CRT_SECURE_NO_WARNINGS. See online help for details.
                 d:\program files\vs2012\vc\include\stdio.h(290) : 参见“scanf”的声明
     1>d:\macy\macy\macy.cpp(162): warning C4996: 'scanf': This function or variable may be unsafe. Consider using scanf_s instead. To disable deprecation, use _CRT_SECURE_NO_WARNINGS. See online help for details.
                 d:\program files\vs2012\vc\include\stdio.h(290) : 参见“scanf”的声明
       Link:
         D:\Program Files\vs2012\VC\bin\link.exe /ERRORREPORT:PROMPT /OUT:"D:\macy\Debug\macy.exe" /INCREMENTAL /NOLOGO kernel32.lib user32.lib gdi32.lib winspool.lib comdlg32.lib advapi32.lib shell32.lib ole32.lib oleaut32.lib uuid.lib odbc32.lib odbccp32.lib /MANIFEST /MANIFESTUAC:"level='asInvoker' uiAccess='false'" /manifest:embed /DEBUG /PDB:"D:\macy\Debug\macy.pdb" /SUBSYSTEM:CONSOLE /TLBID:1 /DYNAMICBASE /NXCOMPAT /IMPLIB:"D:\macy\Debug\macy.lib" /MACHINE:X86 Debug\macy.obj
         macy.vcxproj -> D:\macy\Debug\macy.exe
     1>已完成生成项目“D:\MACY\macy\macy.vcxproj”(Build 个目标)的操作。

生成成功。

已用时间 00:00:01.54
